  CG_cube.cpp
d:\vs_codework\cg\cg_cube\cg_cube\function.h(146): warning C4244: “=”: 从“double”转换到“float”，可能丢失数据
d:\vs_codework\cg\cg_cube\cg_cube\function.h(157): warning C4244: “=”: 从“double”转换到“float”，可能丢失数据
d:\vs_codework\cg\cg_cube\cg_cube\function.h(218): warning C4996: 'fopen': This function or variable may be unsafe. Consider using fopen_s instead. To disable deprecation, use _CRT_SECURE_NO_WARNINGS. See online help for details.
  c:\program files (x86)\windows kits\10\include\10.0.17763.0\ucrt\stdio.h(208): note: 参见“fopen”的声明
d:\vs_codework\cg\cg_cube\cg_cube\function.h(277): warning C4244: “=”: 从“double”转换到“float”，可能丢失数据
d:\vs_codework\cg\cg_cube\cg_cube\function.h(278): warning C4244: “=”: 从“double”转换到“float”，可能丢失数据
d:\vs_codework\cg\cg_cube\cg_cube\function.h(279): warning C4244: “=”: 从“double”转换到“float”，可能丢失数据
d:\vs_codework\cg\cg_cube\cg_cube\function.h(304): warning C4244: “=”: 从“double”转换到“float”，可能丢失数据
d:\vs_codework\cg\cg_cube\cg_cube\function.h(305): warning C4244: “=”: 从“double”转换到“float”，可能丢失数据
d:\vs_codework\cg\cg_cube\cg_cube\function.h(306): warning C4244: “=”: 从“double”转换到“float”，可能丢失数据
d:\vs_codework\cg\cg_cube\cg_cube\function.h(476): warning C4244: “参数”: 从“double”转换到“float”，可能丢失数据
d:\vs_codework\cg\cg_cube\cg_cube\function.h(621): warning C4244: “初始化”: 从“int”转换到“float”，可能丢失数据
d:\vs_codework\cg\cg_cube\cg_cube\function.h(622): warning C4244: “初始化”: 从“int”转换到“float”，可能丢失数据
d:\vs_codework\cg\cg_cube\cg_cube\function.h(638): warning C4244: “初始化”: 从“int”转换到“float”，可能丢失数据
d:\vs_codework\cg\cg_cube\cg_cube\function.h(639): warning C4244: “初始化”: 从“int”转换到“float”，可能丢失数据
d:\vs_codework\cg\cg_cube\cg_cube\function.h(703): warning C4244: “初始化”: 从“int”转换到“float”，可能丢失数据
d:\vs_codework\cg\cg_cube\cg_cube\function.h(704): warning C4244: “初始化”: 从“int”转换到“float”，可能丢失数据
d:\vs_codework\cg\cg_cube\cg_cube\function.h(718): warning C4244: “初始化”: 从“float”转换到“int”，可能丢失数据
d:\vs_codework\cg\cg_cube\cg_cube\function.h(721): warning C4244: “初始化”: 从“float”转换到“int”，可能丢失数据
d:\vs_codework\cg\cg_cube\cg_cube\function.h(733): warning C4244: “初始化”: 从“int”转换到“float”，可能丢失数据
d:\vs_codework\cg\cg_cube\cg_cube\function.h(734): warning C4244: “初始化”: 从“int”转换到“float”，可能丢失数据
d:\vs_codework\cg\cg_cube\cg_cube\function.h(1047): warning C4244: “参数”: 从“double”转换到“float”，可能丢失数据
d:\vs_codework\cg\cg_cube\cg_cube\function.h(1048): warning C4244: “参数”: 从“double”转换到“float”，可能丢失数据
d:\vs_codework\cg\cg_cube\cg_cube\function.h(1049): warning C4244: “参数”: 从“double”转换到“float”，可能丢失数据
d:\vs_codework\cg\cg_cube\cg_cube\function.h(1141): warning C4244: “参数”: 从“double”转换到“GLfloat”，可能丢失数据
d:\vs_codework\cg\cg_cube\cg_cube\function.h(1171): warning C4244: “参数”: 从“double”转换到“GLfloat”，可能丢失数据
d:\vs_codework\cg\cg_cube\cg_cube\function.h(1192): warning C4244: “参数”: 从“double”转换到“float”，可能丢失数据
d:\vs_codework\cg\cg_cube\cg_cube\function.h(1193): warning C4244: “参数”: 从“double”转换到“float”，可能丢失数据
d:\vs_codework\cg\cg_cube\cg_cube\function.h(1194): warning C4244: “参数”: 从“double”转换到“float”，可能丢失数据
d:\vs_codework\cg\cg_cube\cg_cube\function.h(1288): warning C4244: “参数”: 从“double”转换到“GLfloat”，可能丢失数据
d:\vs_codework\cg\cg_cube\cg_cube\function.h(1320): warning C4244: “参数”: 从“double”转换到“GLfloat”，可能丢失数据
d:\vs_codework\cg\cg_cube\cg_cube\function.h(1481): warning C4244: “参数”: 从“double”转换到“float”，可能丢失数据
d:\vs_codework\cg\cg_cube\cg_cube\function.h(1489): warning C4244: “初始化”: 从“double”转换到“int”，可能丢失数据
d:\vs_codework\cg\cg_cube\cg_cube\function.h(1490): warning C4244: “初始化”: 从“double”转换到“int”，可能丢失数据
d:\vs_codework\cg\cg_cube\cg_cube\function.h(1493): warning C4244: “参数”: 从“double”转换到“GLfloat”，可能丢失数据
d:\vs_codework\cg\cg_cube\cg_cube\cg_cube.cpp(42): warning C4244: “=”: 从“double”转换到“int”，可能丢失数据
d:\vs_codework\cg\cg_cube\cg_cube\cg_cube.cpp(132): warning C4244: “=”: 从“int”转换到“float”，可能丢失数据
d:\vs_codework\cg\cg_cube\cg_cube\cg_cube.cpp(133): warning C4244: “=”: 从“int”转换到“float”，可能丢失数据
d:\vs_codework\cg\cg_cube\cg_cube\cg_cube.cpp(137): warning C4244: “=”: 从“int”转换到“float”，可能丢失数据
d:\vs_codework\cg\cg_cube\cg_cube\cg_cube.cpp(138): warning C4244: “=”: 从“int”转换到“float”，可能丢失数据
d:\vs_codework\cg\cg_cube\cg_cube\cg_cube.cpp(151): warning C4244: “-=”: 从“double”转换到“float”，可能丢失数据
d:\vs_codework\cg\cg_cube\cg_cube\cg_cube.cpp(152): warning C4244: “-=”: 从“double”转换到“float”，可能丢失数据
d:\vs_codework\cg\cg_cube\cg_cube\cg_cube.cpp(171): warning C4244: “-=”: 从“double”转换到“float”，可能丢失数据
d:\vs_codework\cg\cg_cube\cg_cube\cg_cube.cpp(172): warning C4244: “-=”: 从“double”转换到“float”，可能丢失数据
d:\vs_codework\cg\cg_cube\cg_cube\cg_cube.cpp(198): warning C4305: “*=”: 从“double”到“float”截断
d:\vs_codework\cg\cg_cube\cg_cube\cg_cube.cpp(204): warning C4305: “/=”: 从“double”到“float”截断
  正在生成代码
  1 of 100 functions ( 1.0%) were compiled, the rest were copied from previous compilation.
    0 functions were new in current compilation
    1 functions had inline decision re-evaluated but remain unchanged
  已完成代码的生成
  CG_cube.vcxproj -> D:\vs_codework\cg\CG_cube\Release\CG_cube.exe
