  pch.cpp
  My_SoftRender.cpp
d:\vs_codework\cg\my_softrender\my_softrender\readobj.h(90): warning C4018: “<”: 有符号/无符号不匹配
d:\vs_codework\cg\my_softrender\my_softrender\softrender.h(140): warning C4244: “=”: 从“double”转换到“float”，可能丢失数据
d:\vs_codework\cg\my_softrender\my_softrender\softrender.h(151): warning C4244: “=”: 从“double”转换到“float”，可能丢失数据
d:\vs_codework\cg\my_softrender\my_softrender\softrender.h(204): warning C4996: 'fopen': This function or variable may be unsafe. Consider using fopen_s instead. To disable deprecation, use _CRT_SECURE_NO_WARNINGS. See online help for details.
  c:\program files (x86)\windows kits\10\include\10.0.17763.0\ucrt\stdio.h(208): note: 参见“fopen”的声明
d:\vs_codework\cg\my_softrender\my_softrender\softrender.h(266): warning C4244: “=”: 从“double”转换到“float”，可能丢失数据
d:\vs_codework\cg\my_softrender\my_softrender\softrender.h(267): warning C4244: “=”: 从“double”转换到“float”，可能丢失数据
d:\vs_codework\cg\my_softrender\my_softrender\softrender.h(268): warning C4244: “=”: 从“double”转换到“float”，可能丢失数据
d:\vs_codework\cg\my_softrender\my_softrender\softrender.h(436): warning C4244: “参数”: 从“double”转换到“float”，可能丢失数据
d:\vs_codework\cg\my_softrender\my_softrender\softrender.h(451): warning C4305: “参数”: 从“double”到“GLclampf”截断
d:\vs_codework\cg\my_softrender\my_softrender\softrender.h(492): warning C4244: “初始化”: 从“int”转换到“float”，可能丢失数据
d:\vs_codework\cg\my_softrender\my_softrender\softrender.h(493): warning C4244: “初始化”: 从“int”转换到“float”，可能丢失数据
d:\vs_codework\cg\my_softrender\my_softrender\softrender.h(566): warning C4244: “初始化”: 从“int”转换到“float”，可能丢失数据
d:\vs_codework\cg\my_softrender\my_softrender\softrender.h(567): warning C4244: “初始化”: 从“int”转换到“float”，可能丢失数据
d:\vs_codework\cg\my_softrender\my_softrender\softrender.h(581): warning C4244: “初始化”: 从“float”转换到“int”，可能丢失数据
d:\vs_codework\cg\my_softrender\my_softrender\softrender.h(584): warning C4244: “初始化”: 从“float”转换到“int”，可能丢失数据
d:\vs_codework\cg\my_softrender\my_softrender\softrender.h(596): warning C4244: “初始化”: 从“int”转换到“float”，可能丢失数据
d:\vs_codework\cg\my_softrender\my_softrender\softrender.h(597): warning C4244: “初始化”: 从“int”转换到“float”，可能丢失数据
d:\vs_codework\cg\my_softrender\my_softrender\softrender.h(647): warning C4244: “参数”: 从“double”转换到“float”，可能丢失数据
d:\vs_codework\cg\my_softrender\my_softrender\softrender.h(648): warning C4244: “参数”: 从“double”转换到“float”，可能丢失数据
d:\vs_codework\cg\my_softrender\my_softrender\softrender.h(649): warning C4244: “参数”: 从“double”转换到“float”，可能丢失数据
d:\vs_codework\cg\my_softrender\my_softrender\softrender.h(651): warning C4244: “参数”: 从“double”转换到“float”，可能丢失数据
d:\vs_codework\cg\my_softrender\my_softrender\softrender.h(652): warning C4244: “参数”: 从“double”转换到“float”，可能丢失数据
d:\vs_codework\cg\my_softrender\my_softrender\softrender.h(653): warning C4244: “参数”: 从“double”转换到“float”，可能丢失数据
d:\vs_codework\cg\my_softrender\my_softrender\softrender.h(728): warning C4244: “参数”: 从“double”转换到“GLfloat”，可能丢失数据
d:\vs_codework\cg\my_softrender\my_softrender\softrender.h(853): warning C4244: “参数”: 从“double”转换到“float”，可能丢失数据
d:\vs_codework\cg\my_softrender\my_softrender\softrender.h(854): warning C4244: “参数”: 从“double”转换到“float”，可能丢失数据
d:\vs_codework\cg\my_softrender\my_softrender\softrender.h(855): warning C4244: “参数”: 从“double”转换到“float”，可能丢失数据
d:\vs_codework\cg\my_softrender\my_softrender\softrender.h(920): warning C4244: “参数”: 从“double”转换到“GLfloat”，可能丢失数据
d:\vs_codework\cg\my_softrender\my_softrender\softrender.h(948): warning C4244: “参数”: 从“double”转换到“GLfloat”，可能丢失数据
d:\vs_codework\cg\my_softrender\my_softrender\softrender.h(971): warning C4305: “=”: 从“double”到“float”截断
d:\vs_codework\cg\my_softrender\my_softrender\softrender.h(972): warning C4305: “=”: 从“double”到“float”截断
d:\vs_codework\cg\my_softrender\my_softrender\softrender.h(973): warning C4305: “=”: 从“double”到“float”截断
d:\vs_codework\cg\my_softrender\my_softrender\softrender.h(979): warning C4244: “参数”: 从“double”转换到“float”，可能丢失数据
d:\vs_codework\cg\my_softrender\my_softrender\softrender.h(980): warning C4244: “参数”: 从“double”转换到“float”，可能丢失数据
d:\vs_codework\cg\my_softrender\my_softrender\softrender.h(981): warning C4244: “参数”: 从“double”转换到“float”，可能丢失数据
d:\vs_codework\cg\my_softrender\my_softrender\softrender.h(1046): warning C4244: “参数”: 从“double”转换到“GLfloat”，可能丢失数据
d:\vs_codework\cg\my_softrender\my_softrender\softrender.h(1074): warning C4244: “参数”: 从“double”转换到“GLfloat”，可能丢失数据
d:\vs_codework\cg\my_softrender\my_softrender\my_softrender.cpp(46): warning C4244: “=”: 从“double”转换到“int”，可能丢失数据
d:\vs_codework\cg\my_softrender\my_softrender\my_softrender.cpp(61): warning C4018: “<”: 有符号/无符号不匹配
d:\vs_codework\cg\my_softrender\my_softrender\my_softrender.cpp(125): warning C4244: “=”: 从“int”转换到“float”，可能丢失数据
d:\vs_codework\cg\my_softrender\my_softrender\my_softrender.cpp(126): warning C4244: “=”: 从“int”转换到“float”，可能丢失数据
d:\vs_codework\cg\my_softrender\my_softrender\my_softrender.cpp(130): warning C4244: “=”: 从“int”转换到“float”，可能丢失数据
d:\vs_codework\cg\my_softrender\my_softrender\my_softrender.cpp(131): warning C4244: “=”: 从“int”转换到“float”，可能丢失数据
d:\vs_codework\cg\my_softrender\my_softrender\my_softrender.cpp(144): warning C4244: “+=”: 从“double”转换到“float”，可能丢失数据
d:\vs_codework\cg\my_softrender\my_softrender\my_softrender.cpp(145): warning C4244: “+=”: 从“double”转换到“float”，可能丢失数据
d:\vs_codework\cg\my_softrender\my_softrender\my_softrender.cpp(160): warning C4244: “=”: 从“int”转换到“float”，可能丢失数据
d:\vs_codework\cg\my_softrender\my_softrender\my_softrender.cpp(161): warning C4244: “=”: 从“int”转换到“float”，可能丢失数据
d:\vs_codework\cg\my_softrender\my_softrender\my_softrender.cpp(166): warning C4244: “-=”: 从“double”转换到“float”，可能丢失数据
d:\vs_codework\cg\my_softrender\my_softrender\my_softrender.cpp(167): warning C4244: “-=”: 从“double”转换到“float”，可能丢失数据
d:\vs_codework\cg\my_softrender\my_softrender\my_softrender.cpp(182): warning C4244: “=”: 从“int”转换到“float”，可能丢失数据
d:\vs_codework\cg\my_softrender\my_softrender\my_softrender.cpp(183): warning C4244: “=”: 从“int”转换到“float”，可能丢失数据
d:\vs_codework\cg\my_softrender\my_softrender\my_softrender.cpp(195): warning C4305: “*=”: 从“double”到“float”截断
d:\vs_codework\cg\my_softrender\my_softrender\my_softrender.cpp(201): warning C4305: “/=”: 从“double”到“float”截断
  正在生成代码
  All 465 functions were compiled because no usable IPDB/IOBJ from previous compilation was found.
  已完成代码的生成
  My_SoftRender.vcxproj -> D:\vs_codework\cg\My_SoftRender\Release\My_SoftRender.exe
